<?xml version="1.0" encoding="UTF-8"?>
<!-- Generated by org.testng.reporters.JUnitReportReporter -->
<testsuite hostname="ADMIN" failures="0" tests="4" name="testCases.TC003_LoginDDT" time="29.152" errors="0" timestamp="2025-04-03T16:43:27 SGT" skipped="0">
  <testcase classname="testCases.TC003_LoginDDT" name="Verify_LoginDDT" time="2.833"/>
  <testcase classname="testCases.TC003_LoginDDT" name="Verify_LoginDDT" time="12.072"/>
  <testcase classname="testCases.TC003_LoginDDT" name="Verify_LoginDDT" time="2.157"/>
  <testcase classname="testCases.TC003_LoginDDT" name="Verify_LoginDDT" time="12.090"/>
</testsuite> <!-- testCases.TC003_LoginDDT -->
